2025-08-28 19:13:15,799 - src.training.trainer - INFO - Trainer initialized for experiment: gbwm_8goals_bs4800_lr0.01_sim
2025-08-28 19:13:15,807 - src.training.trainer - INFO - Setting up environment with 8 goals in simulation mode
2025-08-28 19:13:15,934 - src.environment.gbwm_env - INFO - GBWM Environment initialized in simulation mode
2025-08-28 19:13:15,934 - src.training.trainer - INFO - Environment created with initial wealth: $702,761
2025-08-28 19:13:15,934 - src.training.trainer - INFO - Goal schedule: [2, 4, 6, 8, 10, 12, 14, 16]
2025-08-28 19:13:15,934 - src.training.trainer - INFO - Data mode: simulation
2025-08-28 19:13:15,934 - src.training.trainer - INFO - Setting up PPO agent
2025-08-28 20:00:24,017 - src.training.trainer - INFO - Trainer initialized for experiment: gbwm_8goals_bs4800_lr0.01_sim
2025-08-28 20:00:24,018 - src.training.trainer - INFO - Setting up environment with 8 goals in simulation mode
2025-08-28 20:00:24,027 - src.environment.gbwm_env - INFO - GBWM Environment initialized in simulation mode
2025-08-28 20:00:24,028 - src.training.trainer - INFO - Environment created with initial wealth: $702,761
2025-08-28 20:00:24,028 - src.training.trainer - INFO - Goal schedule: [2, 4, 6, 8, 10, 12, 14, 16]
2025-08-28 20:00:24,028 - src.training.trainer - INFO - Data mode: simulation
2025-08-28 20:00:24,028 - src.training.trainer - INFO - Setting up PPO agent
2025-08-28 20:00:25,029 - src.training.trainer - INFO - Agent created on device: cpu
2025-08-28 20:00:25,029 - src.training.trainer - INFO - Policy network parameters: 5,457
2025-08-28 20:00:25,029 - src.training.trainer - INFO - Value network parameters: 4,417
2025-08-28 20:00:25,029 - src.training.trainer - INFO - ============================================================
2025-08-28 20:00:25,030 - src.training.trainer - INFO - STARTING TRAINING
2025-08-28 20:00:25,030 - src.training.trainer - INFO - ============================================================
2025-08-28 20:00:25,030 - src.training.trainer - INFO - Total iterations: 10
2025-08-28 20:00:25,030 - src.training.trainer - INFO - Total timesteps: 800,000
2025-08-28 20:00:25,030 - src.training.trainer - INFO - Batch size: 4800
2025-08-28 20:00:25,030 - src.training.trainer - INFO - Time horizon: 16
2025-08-28 20:00:25,030 - src.training.trainer - INFO - ============================================================
2025-08-28 20:00:25,030 - src.training.trainer - INFO - Configuration saved: /Users/goutamgupta/Desktop/workspace/gbwm_reinforcement_learning/data/results/gbwm_8goals_bs4800_lr0.01_sim/config.json
2025-08-28 20:00:44,127 - src.training.trainer - INFO - Iteration    0 | Reward:   64.86 | PolicyLoss:  -0.1317 | ValueLoss: 414.7462 | LR: 0.009000 | Episodes:   4800
2025-08-28 20:00:44,140 - src.models.ppo_agent - INFO - Agent saved to /Users/goutamgupta/Desktop/workspace/gbwm_reinforcement_learning/data/results/gbwm_8goals_bs4800_lr0.01_sim/checkpoints/checkpoint_0000.pth
2025-08-28 20:00:44,356 - src.training.trainer - INFO - EVAL    0 | Reward:  126.00±0.00 | Goals: 87.5% | Wealth: $1,949,780
2025-08-28 20:03:17,790 - src.training.trainer - INFO - ============================================================
2025-08-28 20:03:17,791 - src.training.trainer - INFO - TRAINING COMPLETED
2025-08-28 20:03:17,791 - src.training.trainer - INFO - Total training time: 172.76 seconds
2025-08-28 20:03:17,791 - src.training.trainer - INFO - Time per iteration: 17.28 seconds
2025-08-28 20:03:17,791 - src.training.trainer - INFO - ============================================================
2025-08-28 20:03:17,802 - src.models.ppo_agent - INFO - Agent saved to /Users/goutamgupta/Desktop/workspace/gbwm_reinforcement_learning/data/results/gbwm_8goals_bs4800_lr0.01_sim/final_model.pth
2025-08-28 20:03:17,803 - src.training.trainer - INFO - Final results saved: /Users/goutamgupta/Desktop/workspace/gbwm_reinforcement_learning/data/results/gbwm_8goals_bs4800_lr0.01_sim/training_results.json
2025-08-28 20:03:17,803 - src.training.trainer - INFO - Final model saved: /Users/goutamgupta/Desktop/workspace/gbwm_reinforcement_learning/data/results/gbwm_8goals_bs4800_lr0.01_sim/final_model.pth
2025-09-15 11:05:04,781 - src.training.trainer - INFO - Trainer initialized for experiment: gbwm_8goals_bs4800_lr0.01_sim
2025-09-15 11:05:05,428 - src.training.trainer - INFO - Setting up environment with 8 goals in simulation mode
2025-09-15 11:05:05,431 - src.environment.gbwm_env - INFO - GBWM Environment initialized in simulation mode
2025-09-15 11:05:05,431 - src.training.trainer - INFO - Environment created with initial wealth: $702,761
2025-09-15 11:05:05,432 - src.training.trainer - INFO - Goal schedule: [2, 4, 6, 8, 10, 12, 14, 16]
2025-09-15 11:05:05,432 - src.training.trainer - INFO - Data mode: simulation
2025-09-15 11:05:05,432 - src.training.trainer - INFO - Setting up PPO agent
2025-09-15 11:05:06,121 - src.training.trainer - INFO - Agent created on device: cpu
2025-09-15 11:05:06,121 - src.training.trainer - INFO - Policy network parameters: 5,457
2025-09-15 11:05:06,121 - src.training.trainer - INFO - Value network parameters: 4,417
2025-09-15 11:05:06,121 - src.training.trainer - INFO - ============================================================
2025-09-15 11:05:06,121 - src.training.trainer - INFO - STARTING TRAINING
2025-09-15 11:05:06,121 - src.training.trainer - INFO - ============================================================
2025-09-15 11:05:06,121 - src.training.trainer - INFO - Total iterations: 10
2025-09-15 11:05:06,121 - src.training.trainer - INFO - Total timesteps: 800,000
2025-09-15 11:05:06,121 - src.training.trainer - INFO - Batch size: 4800
2025-09-15 11:05:06,121 - src.training.trainer - INFO - Time horizon: 16
2025-09-15 11:05:06,121 - src.training.trainer - INFO - ============================================================
2025-09-15 11:05:06,877 - src.training.trainer - INFO - Configuration saved: /Users/goutamgupta/Desktop/workspace/gbwm_reinforcement_learning/data/results/gbwm_8goals_bs4800_lr0.01_sim/config.json
2025-09-15 11:05:26,763 - src.training.trainer - INFO - Iteration    0 | Reward:   71.34 | PolicyLoss:  -0.1216 | ValueLoss: 417.7636 | LR: 0.009000 | Episodes:   4800
2025-09-15 11:05:28,468 - src.models.ppo_agent - INFO - Agent saved to /Users/goutamgupta/Desktop/workspace/gbwm_reinforcement_learning/data/results/gbwm_8goals_bs4800_lr0.01_sim/checkpoints/checkpoint_0000.pth
2025-09-15 11:05:29,304 - src.training.trainer - INFO - EVAL    0 | Reward:  126.00±0.00 | Goals: 87.5% | Wealth: $3,087,903
2025-09-15 11:08:38,888 - src.training.trainer - INFO - ============================================================
2025-09-15 11:08:38,900 - src.training.trainer - INFO - TRAINING COMPLETED
2025-09-15 11:08:38,900 - src.training.trainer - INFO - Total training time: 212.01 seconds
2025-09-15 11:08:38,900 - src.training.trainer - INFO - Time per iteration: 21.20 seconds
2025-09-15 11:08:38,916 - src.training.trainer - INFO - ============================================================
2025-09-15 11:08:42,899 - src.models.ppo_agent - INFO - Agent saved to /Users/goutamgupta/Desktop/workspace/gbwm_reinforcement_learning/data/results/gbwm_8goals_bs4800_lr0.01_sim/final_model.pth
2025-09-15 11:08:42,899 - src.training.trainer - INFO - Final results saved: /Users/goutamgupta/Desktop/workspace/gbwm_reinforcement_learning/data/results/gbwm_8goals_bs4800_lr0.01_sim/training_results.json
2025-09-15 11:08:42,899 - src.training.trainer - INFO - Final model saved: /Users/goutamgupta/Desktop/workspace/gbwm_reinforcement_learning/data/results/gbwm_8goals_bs4800_lr0.01_sim/final_model.pth
